Сборка начата 08.05.2014 13:23:48.
     1>Проект "C:\Users\Wilde\Desktop\Metro Hack Engine\Metro Hack Engine\Metro Hack Engine.vcxproj" в узле 2 (целевые объекты Build).
     1>ClCompile:
         C:\Program Files (x86)\Microsoft Visual Studio 12.0\VC\bin\CL.exe /c /ZI /nologo /W3 /WX- /Od /Oy- /D WIN32 /D _DEBUG /D _WINDOWS /D _USRDLL /D METROHACKENGINE_EXPORTS /D _WINDLL /D _MBCS /Gm /EHsc /RTC1 /MDd /GS /fp:precise /Zc:wchar_t /Zc:forScope /Fo"Debug\\" /Fd"Debug\vc120.pdb" /Gd /TP /analyze- /errorReport:prompt Main.cpp
         Main.cpp
     1>c:\users\wilde\desktop\metro hack engine\metro hack engine\color.h(44): warning C4005: DARK1: изменение макроопределения
                 c:\users\wilde\desktop\metro hack engine\metro hack engine\color.h(17): см. предыдущее определение "DARK1"
     1>c:\users\wilde\desktop\metro hack engine\metro hack engine\color.h(45): warning C4005: DARK2: изменение макроопределения
                 c:\users\wilde\desktop\metro hack engine\metro hack engine\color.h(18): см. предыдущее определение "DARK2"
     1>c:\users\wilde\desktop\metro hack engine\metro hack engine\color.h(46): warning C4005: DARK3: изменение макроопределения
                 c:\users\wilde\desktop\metro hack engine\metro hack engine\color.h(19): см. предыдущее определение "DARK3"
     1>c:\users\wilde\desktop\metro hack engine\metro hack engine\color.h(47): warning C4005: DARK4: изменение макроопределения
                 c:\users\wilde\desktop\metro hack engine\metro hack engine\color.h(20): см. предыдущее определение "DARK4"
     1>c:\users\wilde\desktop\metro hack engine\metro hack engine\color.h(48): warning C4005: DARK5: изменение макроопределения
                 c:\users\wilde\desktop\metro hack engine\metro hack engine\color.h(21): см. предыдущее определение "DARK5"
     1>c:\users\wilde\desktop\metro hack engine\metro hack engine\color.h(49): warning C4005: DARK6: изменение макроопределения
                 c:\users\wilde\desktop\metro hack engine\metro hack engine\color.h(22): см. предыдущее определение "DARK6"
     1>c:\users\wilde\desktop\metro hack engine\metro hack engine\color.h(50): warning C4005: DARK7: изменение макроопределения
                 c:\users\wilde\desktop\metro hack engine\metro hack engine\color.h(23): см. предыдущее определение "DARK7"
     1>c:\users\wilde\desktop\metro hack engine\metro hack engine\color.h(51): warning C4005: DARK8: изменение макроопределения
                 c:\users\wilde\desktop\metro hack engine\metro hack engine\color.h(24): см. предыдущее определение "DARK8"
     1>c:\users\wilde\desktop\metro hack engine\metro hack engine\color.h(52): warning C4005: DARK9: изменение макроопределения
                 c:\users\wilde\desktop\metro hack engine\metro hack engine\color.h(25): см. предыдущее определение "DARK9"
     1>c:\users\wilde\desktop\metro hack engine\metro hack engine\color.h(53): warning C4005: DARK10: изменение макроопределения
                 c:\users\wilde\desktop\metro hack engine\metro hack engine\color.h(26): см. предыдущее определение "DARK10"
     1>c:\users\wilde\desktop\metro hack engine\metro hack engine\color.h(54): warning C4005: DARK11: изменение макроопределения
                 c:\users\wilde\desktop\metro hack engine\metro hack engine\color.h(27): см. предыдущее определение "DARK11"
     1>c:\users\wilde\desktop\metro hack engine\metro hack engine\color.h(55): warning C4005: DARK12: изменение макроопределения
                 c:\users\wilde\desktop\metro hack engine\metro hack engine\color.h(28): см. предыдущее определение "DARK12"
     1>c:\users\wilde\desktop\metro hack engine\metro hack engine\color.h(56): warning C4005: DARK13: изменение макроопределения
                 c:\users\wilde\desktop\metro hack engine\metro hack engine\color.h(29): см. предыдущее определение "DARK13"
     1>c:\users\wilde\desktop\metro hack engine\metro hack engine\color.h(57): warning C4005: DARK14: изменение макроопределения
                 c:\users\wilde\desktop\metro hack engine\metro hack engine\color.h(30): см. предыдущее определение "DARK14"
     1>c:\users\wilde\desktop\metro hack engine\metro hack engine\color.h(58): warning C4005: DARK15: изменение макроопределения
                 c:\users\wilde\desktop\metro hack engine\metro hack engine\color.h(31): см. предыдущее определение "DARK15"
     1>c:\users\wilde\desktop\metro hack engine\metro hack engine\color.h(59): warning C4005: DARK16: изменение макроопределения
                 c:\users\wilde\desktop\metro hack engine\metro hack engine\color.h(32): см. предыдущее определение "DARK16"
     1>c:\users\wilde\desktop\metro hack engine\metro hack engine\color.h(60): warning C4005: DARK18: изменение макроопределения
                 c:\users\wilde\desktop\metro hack engine\metro hack engine\color.h(33): см. предыдущее определение "DARK18"
     1>c:\users\wilde\desktop\metro hack engine\metro hack engine\color.h(62): warning C4005: WINDOWS: изменение макроопределения
                 c:\users\wilde\desktop\metro hack engine\metro hack engine\color.h(34): см. предыдущее определение "WINDOWS"
     1>c:\users\wilde\desktop\metro hack engine\metro hack engine\color.h(63): warning C4005: WINDOWS2: изменение макроопределения
                 c:\users\wilde\desktop\metro hack engine\metro hack engine\color.h(35): см. предыдущее определение "WINDOWS2"
     1>c:\users\wilde\desktop\metro hack engine\metro hack engine\color.h(17): warning C4005: DARK1: изменение макроопределения
                 c:\users\wilde\desktop\metro hack engine\metro hack engine\color.h(44): см. предыдущее определение "DARK1"
     1>c:\users\wilde\desktop\metro hack engine\metro hack engine\color.h(18): warning C4005: DARK2: изменение макроопределения
                 c:\users\wilde\desktop\metro hack engine\metro hack engine\color.h(45): см. предыдущее определение "DARK2"
     1>c:\users\wilde\desktop\metro hack engine\metro hack engine\color.h(19): warning C4005: DARK3: изменение макроопределения
                 c:\users\wilde\desktop\metro hack engine\metro hack engine\color.h(46): см. предыдущее определение "DARK3"
     1>c:\users\wilde\desktop\metro hack engine\metro hack engine\color.h(20): warning C4005: DARK4: изменение макроопределения
                 c:\users\wilde\desktop\metro hack engine\metro hack engine\color.h(47): см. предыдущее определение "DARK4"
     1>c:\users\wilde\desktop\metro hack engine\metro hack engine\color.h(21): warning C4005: DARK5: изменение макроопределения
                 c:\users\wilde\desktop\metro hack engine\metro hack engine\color.h(48): см. предыдущее определение "DARK5"
     1>c:\users\wilde\desktop\metro hack engine\metro hack engine\color.h(22): warning C4005: DARK6: изменение макроопределения
                 c:\users\wilde\desktop\metro hack engine\metro hack engine\color.h(49): см. предыдущее определение "DARK6"
     1>c:\users\wilde\desktop\metro hack engine\metro hack engine\color.h(23): warning C4005: DARK7: изменение макроопределения
                 c:\users\wilde\desktop\metro hack engine\metro hack engine\color.h(50): см. предыдущее определение "DARK7"
     1>c:\users\wilde\desktop\metro hack engine\metro hack engine\color.h(24): warning C4005: DARK8: изменение макроопределения
                 c:\users\wilde\desktop\metro hack engine\metro hack engine\color.h(51): см. предыдущее определение "DARK8"
     1>c:\users\wilde\desktop\metro hack engine\metro hack engine\color.h(25): warning C4005: DARK9: изменение макроопределения
                 c:\users\wilde\desktop\metro hack engine\metro hack engine\color.h(52): см. предыдущее определение "DARK9"
     1>c:\users\wilde\desktop\metro hack engine\metro hack engine\color.h(26): warning C4005: DARK10: изменение макроопределения
                 c:\users\wilde\desktop\metro hack engine\metro hack engine\color.h(53): см. предыдущее определение "DARK10"
     1>c:\users\wilde\desktop\metro hack engine\metro hack engine\color.h(27): warning C4005: DARK11: изменение макроопределения
                 c:\users\wilde\desktop\metro hack engine\metro hack engine\color.h(54): см. предыдущее определение "DARK11"
     1>c:\users\wilde\desktop\metro hack engine\metro hack engine\color.h(28): warning C4005: DARK12: изменение макроопределения
                 c:\users\wilde\desktop\metro hack engine\metro hack engine\color.h(55): см. предыдущее определение "DARK12"
     1>c:\users\wilde\desktop\metro hack engine\metro hack engine\color.h(29): warning C4005: DARK13: изменение макроопределения
                 c:\users\wilde\desktop\metro hack engine\metro hack engine\color.h(56): см. предыдущее определение "DARK13"
     1>c:\users\wilde\desktop\metro hack engine\metro hack engine\color.h(30): warning C4005: DARK14: изменение макроопределения
                 c:\users\wilde\desktop\metro hack engine\metro hack engine\color.h(57): см. предыдущее определение "DARK14"
     1>c:\users\wilde\desktop\metro hack engine\metro hack engine\color.h(31): warning C4005: DARK15: изменение макроопределения
                 c:\users\wilde\desktop\metro hack engine\metro hack engine\color.h(58): см. предыдущее определение "DARK15"
     1>c:\users\wilde\desktop\metro hack engine\metro hack engine\color.h(32): warning C4005: DARK16: изменение макроопределения
                 c:\users\wilde\desktop\metro hack engine\metro hack engine\color.h(59): см. предыдущее определение "DARK16"
     1>c:\users\wilde\desktop\metro hack engine\metro hack engine\color.h(33): warning C4005: DARK18: изменение макроопределения
                 c:\users\wilde\desktop\metro hack engine\metro hack engine\color.h(60): см. предыдущее определение "DARK18"
     1>c:\users\wilde\desktop\metro hack engine\metro hack engine\color.h(34): warning C4005: WINDOWS: изменение макроопределения
                 c:\users\wilde\desktop\metro hack engine\metro hack engine\color.h(62): см. предыдущее определение "WINDOWS"
     1>c:\users\wilde\desktop\metro hack engine\metro hack engine\color.h(35): warning C4005: WINDOWS2: изменение макроопределения
                 c:\users\wilde\desktop\metro hack engine\metro hack engine\color.h(63): см. предыдущее определение "WINDOWS2"
     1>c:\users\wilde\desktop\metro hack engine\metro hack engine\tools.h(24): warning C4715: FPS: значение возвращается не при всех путях выполнения
     1>C:\Program Files (x86)\MSBuild\Microsoft.Cpp\v4.0\V120\Microsoft.CppBuild.targets(1186,5): warning MSB8012: TargetPath(C:\Users\Wilde\Desktop\Metro Hack Engine\Debug\Metro Hack Engine.dll) does not match the Linker's OutputFile property value (C:\Users\Wilde\Desktop\Metro Hack Engine\Metro Hack Engine\dxhook.dll). This may cause your project to build incorrectly. To correct this, please make sure that $(OutDir), $(TargetName) and $(TargetExt) property values match the value specified in %(Link.OutputFile).
     1>C:\Program Files (x86)\MSBuild\Microsoft.Cpp\v4.0\V120\Microsoft.CppBuild.targets(1188,5): warning MSB8012: TargetName(Metro Hack Engine) does not match the Linker's OutputFile property value (dxhook). This may cause your project to build incorrectly. To correct this, please make sure that $(OutDir), $(TargetName) and $(TargetExt) property values match the value specified in %(Link.OutputFile).
       Link:
         C:\Program Files (x86)\Microsoft Visual Studio 12.0\VC\bin\link.exe /ERRORREPORT:PROMPT /OUT:"dxhook.dll" /INCREMENTAL /NOLOGO kernel32.lib user32.lib gdi32.lib winspool.lib comdlg32.lib advapi32.lib shell32.lib ole32.lib oleaut32.lib uuid.lib odbc32.lib odbccp32.lib /MANIFEST /MANIFESTUAC:"level='asInvoker' uiAccess='false'" /manifest:embed /DEBUG /PDB:"C:\Users\Wilde\Desktop\Metro Hack Engine\Debug\Metro Hack Engine.pdb" /SUBSYSTEM:WINDOWS /TLBID:1 /DYNAMICBASE /NXCOMPAT /IMPLIB:"C:\Users\Wilde\Desktop\Metro Hack Engine\Debug\Metro Hack Engine.lib" /MACHINE:X86 /DLL Debug\Main.obj
         LINK : не найден или не выполнена сборка dxhook.dll при последней инкрементной компоновке; выполняется полная компоновка
         Metro Hack Engine.vcxproj -> C:\Users\Wilde\Desktop\Metro Hack Engine\Debug\Metro Hack Engine.dll
     1>Сборка проекта "C:\Users\Wilde\Desktop\Metro Hack Engine\Metro Hack Engine\Metro Hack Engine.vcxproj" завершена (целевые объекты Build).

Сборка успешно завершена.

Затраченное время: 00:00:01.33
